This is pdfTeX, Version 3.14159265-2.6-1.40.20 (TeX Live 2019/Arch Linux) (preloaded format=pdflatex 2020.2.1)  2 FEB 2020 23:09
entering extended mode
 restricted \write18 enabled.
 %&-line parsing enabled.
**specification.tex
(./specification.tex
LaTeX2e <2019-10-01> patch level 1
(/usr/share/texmf-dist/tex/latex/base/article.cls
Document Class: article 2019/08/27 v1.4j Standard LaTeX document class
(/usr/share/texmf-dist/tex/latex/base/size11.clo
File: size11.clo 2019/08/27 v1.4j Standard LaTeX file (size option)
)
\c@part=\count80
\c@section=\count81
\c@subsection=\count82
\c@subsubsection=\count83
\c@paragraph=\count84
\c@subparagraph=\count85
\c@figure=\count86
\c@table=\count87
\abovecaptionskip=\skip41
\belowcaptionskip=\skip42
\bibindent=\dimen102
)
(/usr/share/texmf-dist/tex/latex/base/inputenc.sty
Package: inputenc 2018/08/11 v1.3c Input encoding file
\inpenc@prehook=\toks14
\inpenc@posthook=\toks15
)

LaTeX Warning: Unused global option(s):
    [sans].

(./specification.aux)
\openout1 = `specification.aux'.

LaTeX Font Info:    Checking defaults for OML/cmm/m/it on input line 10.
LaTeX Font Info:    ... okay on input line 10.
LaTeX Font Info:    Checking defaults for T1/cmr/m/n on input line 10.
LaTeX Font Info:    ... okay on input line 10.
LaTeX Font Info:    Checking defaults for OT1/cmr/m/n on input line 10.
LaTeX Font Info:    ... okay on input line 10.
LaTeX Font Info:    Checking defaults for OMS/cmsy/m/n on input line 10.
LaTeX Font Info:    ... okay on input line 10.
LaTeX Font Info:    Checking defaults for OMX/cmex/m/n on input line 10.
LaTeX Font Info:    ... okay on input line 10.
LaTeX Font Info:    Checking defaults for U/cmr/m/n on input line 10.
LaTeX Font Info:    ... okay on input line 10.
LaTeX Font Info:    External font `cmex10' loaded for size
(Font)              <12> on input line 12.
LaTeX Font Info:    External font `cmex10' loaded for size
(Font)              <8> on input line 12.
LaTeX Font Info:    External font `cmex10' loaded for size
(Font)              <6> on input line 12.
 [1

{/var/lib/texmf/fonts/map/pdftex/updmap/pdftex.map}]
Overfull \hbox (11.68916pt too wide) in paragraph at lines 22--24
[]\OT1/cmr/m/n/10.95 Cada uti-lizador ter^^Sa a sua p^^Sagina pes-soal onde mos
trar^^Sa as provas seguintes,
 []


Overfull \hbox (4.90623pt too wide) in paragraph at lines 25--26
[]\OT1/cmr/m/n/10.95 Ser^^Sa poss^^S^^Pvel avaliar cada prato em v^^Sarios crit
^^Serios, que ser~ao con-figur^^Saveis
 []


Overfull \hbox (10.3264pt too wide) in paragraph at lines 27--29
[]\OT1/cmr/m/n/10.95 Na p^^Sagina pes-soal de cada uti-lizador, as provas ter~a
o um \OT1/cmr/m/it/10.95 url \OT1/cmr/m/n/10.95 na morada/gps
 []

LaTeX Font Info:    Trying to load font information for OMS+cmr on input line 4
0.
(/usr/share/texmf-dist/tex/latex/base/omscmr.fd
File: omscmr.fd 2014/09/29 v2.5h Standard LaTeX font definitions
)
LaTeX Font Info:    Font shape `OMS/cmr/m/n' in size <10.95> not available
(Font)              Font shape `OMS/cmsy/m/n' tried instead on input line 40.
LaTeX Font Info:    External font `cmex10' loaded for size
(Font)              <10.95> on input line 40.

Overfull \hbox (18.36305pt too wide) in paragraph at lines 49--50
[]$[]$ \OT1/cmr/m/n/10.95 Criar e ed-i-tar es-ta-b-elec-i-men-tos na plataforma
. 
 []

[1]
Overfull \hbox (16.22382pt too wide) in paragraph at lines 85--87
[]\OT1/cmr/bx/it/10.95 enable \OT1/cmr/m/n/10.95 - Per-mite desabil-i-tar a per
-miss~ao no pro-ces-sa-mento da plataforma.
 []

[2]
Overfull \hbox (52.6401pt too wide) in paragraph at lines 143--146
[]\OT1/cmr/bx/it/10.95 establishments[]id \OT1/cmr/m/n/10.95 - Iden-ti-fi-cador
 do es-ta-b-elec-i-mento na tabela $[]$$[]$
 []

[3] [4] (./specification.aux) ) 
Here is how much of TeX's memory you used:
 304 strings out of 492167
 3596 string characters out of 6131559
 67978 words of memory out of 5000000
 4733 multiletter control sequences out of 15000+600000
 9875 words of font info for 34 fonts, out of 8000000 for 9000
 1141 hyphenation exceptions out of 8191
 23i,7n,24p,252b,197s stack positions out of 5000i,500n,10000p,200000b,80000s
</usr/share/texmf-dist/fonts/type1/public/amsfon
ts/cm/cmbx10.pfb></usr/share/texmf-dist/fonts/type1/public/amsfonts/cm/cmbx12.p
fb></usr/share/texmf-dist/fonts/type1/public/amsfonts/cm/cmbxti10.pfb></usr/sha
re/texmf-dist/fonts/type1/public/amsfonts/cm/cmr10.pfb></usr/share/texmf-dist/f
onts/type1/public/amsfonts/cm/cmr12.pfb></usr/share/texmf-dist/fonts/type1/publ
ic/amsfonts/cm/cmr17.pfb></usr/share/texmf-dist/fonts/type1/public/amsfonts/cm/
cmr8.pfb></usr/share/texmf-dist/fonts/type1/public/amsfonts/cm/cmsy10.pfb></usr
/share/texmf-dist/fonts/type1/public/amsfonts/cm/cmti10.pfb>
Output written on specification.pdf (5 pages, 113209 bytes).
PDF statistics:
 56 PDF objects out of 1000 (max. 8388607)
 39 compressed objects within 1 object stream
 0 named destinations out of 1000 (max. 500000)
 1 words of extra memory for PDF output out of 10000 (max. 10000000)

